<?xml version="1.0" encoding="UTF-8"?>
<!-- Generated by org.testng.reporters.JUnitXMLReporter -->
<testsuite ignored="0" hostname="KUMUDRANJAN" failures="0" tests="7" name="AnnoTest" time="0.088" errors="0" timestamp="2023-05-05T04:17:33 IST">
  <testcase classname="WithTest.Practicetestng" name="blogintest" time="0.007"/>
  <testcase classname="WithTest.Practicetestng" name="aloginTest" time="0.001"/>
  <testcase classname="WithTest.annotation" name="testngpractice" time="0.004"/>
  <testcase classname="WithTest.annotation" name="testngpro" time="0.003"/>
  <testcase classname="WithTest.annotation" name="dummy1" time="0.003"/>
  <testcase classname="WithTest.annotation" name="dummy3" time="0.004"/>
  <testcase classname="WithTest.annotation" name="dummy2" time="0.002"/>
</testsuite> <!-- AnnoTest -->
