<?xml version="1.0" encoding="UTF-8"?>
<testng-results ignored="0" total="1" passed="1" failed="0" skipped="0">
  <reporter-output>
  </reporter-output>
  <suite started-at="2023-05-18T06:33:23 IST" name="Default suite" finished-at="2023-05-18T06:33:49 IST" duration-ms="25842">
    <groups>
      <group name="Regression">
        <method signature="UrlCheckTestng.UrlCheckwithTest()[pri:1, instance:seleniumEasy.UrlCheckTestng@224b4d61]" name="UrlCheckwithTest" class="seleniumEasy.UrlCheckTestng"/>
      </group> <!-- Regression -->
    </groups>
    <test started-at="2023-05-18T06:33:23 IST" name="Default test" finished-at="2023-05-18T06:33:49 IST" duration-ms="25842">
      <class name="seleniumEasy.UrlCheckTestng">
        <test-method signature="UrlCheckwithTest()[pri:1, instance:seleniumEasy.UrlCheckTestng@224b4d61]" started-at="2023-05-18T06:33:23 IST" name="UrlCheckwithTest" finished-at="2023-05-18T06:33:49 IST" duration-ms="25786" status="PASS">
          <reporter-output>
          </reporter-output>
        </test-method> <!-- UrlCheckwithTest -->
      </class> <!-- seleniumEasy.UrlCheckTestng -->
    </test> <!-- Default test -->
  </suite> <!-- Default suite -->
</testng-results>
