<?xml version="1.0" encoding="UTF-8"?>
<!-- Generated by org.testng.reporters.JUnitXMLReporter -->
<testsuite ignored="2" hostname="KUMUDRANJAN" failures="0" tests="3" name="GRP-regression" time="0.052" errors="0" timestamp="2023-05-05T04:12:45 IST">
  <testcase classname="WithTest.annotation" name="testngpractice" time="0.007"/>
  <testcase classname="WithTest.annotation" name="testngpro" time="0.002"/>
  <testcase classname="WithTest.annotation" name="dummy2" time="0.002"/>
  <testcase classname="WithTest.annotation" name="dummy1" time="0.0">
    <ignored/>
  </testcase> <!-- dummy1 -->
  <testcase classname="WithTest.annotation" name="dummy3" time="0.0">
    <ignored/>
  </testcase> <!-- dummy3 -->
</testsuite> <!-- GRP-regression -->
