<?xml version="1.0" encoding="UTF-8"?>
<!-- Generated by org.testng.reporters.JUnitXMLReporter -->
<testsuite ignored="0" hostname="KUMUDRANJAN" failures="0" tests="3" name="Test" time="4.71" errors="0" timestamp="2023-05-04T05:16:29 IST">
  <testcase classname="WithTest.Practicetestng" name="blogintest" time="0.011"/>
  <testcase classname="WithTest.Practicetestng" name="aloginTest" time="0.004"/>
  <testcase classname="WithTest.TestingTitle" name="Testingtitle" time="4.646"/>
</testsuite> <!-- Test -->
