<?xml version="1.0" encoding="UTF-8"?>
<testng-results ignored="0" total="2" passed="2" failed="0" skipped="0">
  <reporter-output>
  </reporter-output>
  <suite started-at="2023-05-04T03:01:57 IST" name="Default suite" finished-at="2023-05-04T03:01:57 IST" duration-ms="58">
    <groups>
    </groups>
    <test started-at="2023-05-04T03:01:57 IST" name="Default test" finished-at="2023-05-04T03:01:57 IST" duration-ms="58">
      <class name="TestNgPractice">
        <test-method signature="testngpractice()[pri:0, instance:TestNgPractice@56528192]" started-at="2023-05-04T03:01:57 IST" name="testngpractice" finished-at="2023-05-04T03:01:57 IST" duration-ms="11" status="PASS">
          <reporter-output>
          </reporter-output>
        </test-method> <!-- testngpractice -->
        <test-method signature="testngpro()[pri:0, instance:TestNgPractice@56528192]" started-at="2023-05-04T03:01:57 IST" name="testngpro" finished-at="2023-05-04T03:01:57 IST" duration-ms="2" status="PASS">
          <reporter-output>
          </reporter-output>
        </test-method> <!-- testngpro -->
      </class> <!-- TestNgPractice -->
    </test> <!-- Default test -->
  </suite> <!-- Default suite -->
</testng-results>
